2022-11-24 11:32:31.487  INFO 2412 --- [main] com.safetynet.api.ApiApplication         : Starting ApiApplication using Java 18 on DESKTOP-R2DIIID with PID 2412 (C:\Users\Bertrand\Google Drive\Openclassroom\P5\api\target\classes started by Bertrand in C:\Users\Bertrand\Google Drive\Openclassroom\P5\api)
2022-11-24 11:32:31.493 DEBUG 2412 --- [main] com.safetynet.api.ApiApplication         : Running with Spring Boot v2.7.5, Spring v5.3.23
2022-11-24 11:32:31.494  INFO 2412 --- [main] com.safetynet.api.ApiApplication         : No active profile set, falling back to 1 default profile: "default"
2022-11-24 11:32:32.719  INFO 2412 --- [main] o.s.b.w.embedded.tomcat.TomcatWebServer  : Tomcat initialized with port(s): 8080 (http)
2022-11-24 11:32:33.714  INFO 2412 --- [main] o.s.b.w.embedded.tomcat.TomcatWebServer  : Tomcat started on port(s): 8080 (http) with context path ''
2022-11-24 11:32:33.729  INFO 2412 --- [main] com.safetynet.api.ApiApplication         : Started ApiApplication in 2.632 seconds (JVM running for 3.387)
2022-11-24 11:32:40.456  INFO 2412 --- [http-nio-8080-exec-2] c.s.api.controller.PersonController      : Request get /childAlert with param address = 1509 Culver St
2022-11-24 11:32:40.457 DEBUG 2412 --- [http-nio-8080-exec-2] com.safetynet.api.service.PersonService  : Call personService.getChildAlertAndFamilyByAddress with param : 1509 Culver St
2022-11-24 11:32:40.457 DEBUG 2412 --- [http-nio-8080-exec-2] c.s.api.repository.PersonRepository      : Call PersonRepository.getPersonByAddress with param = 1509 Culver St
2022-11-24 11:32:40.457 DEBUG 2412 --- [http-nio-8080-exec-2] com.safetynet.api.service.PersonService  : Response PersonRepository.getPersonByAddress = [com.safetynet.api.model.Person@6c716900, com.safetynet.api.model.Person@51f2c124, com.safetynet.api.model.Person@4437f028, com.safetynet.api.model.Person@20b5db33, com.safetynet.api.model.Person@476b8f4c]
2022-11-24 11:32:40.457 DEBUG 2412 --- [http-nio-8080-exec-2] com.safetynet.api.service.PersonService  : Call PersonService.getChild with param = [com.safetynet.api.model.Person@6c716900, com.safetynet.api.model.Person@51f2c124, com.safetynet.api.model.Person@4437f028, com.safetynet.api.model.Person@20b5db33, com.safetynet.api.model.Person@476b8f4c]
2022-11-24 11:32:40.457 DEBUG 2412 --- [http-nio-8080-exec-2] c.s.a.r.MedicalRecordRepository          : Call MedicalRecordRepository.getAge with param = com.safetynet.api.model.Person@6c716900
2022-11-24 11:32:40.458 DEBUG 2412 --- [http-nio-8080-exec-2] c.s.a.r.MedicalRecordRepository          : Call MedicalRecordRepository.getMedicalRecord with param = Roger,Boyd
2022-11-24 11:32:40.458 DEBUG 2412 --- [http-nio-8080-exec-2] com.safetynet.api.service.PersonService  : Response to medicalRecordRepository.getAge : 5
2022-11-24 11:32:40.458 DEBUG 2412 --- [http-nio-8080-exec-2] c.s.a.r.MedicalRecordRepository          : Call MedicalRecordRepository.getAge with param = com.safetynet.api.model.Person@51f2c124
2022-11-24 11:32:40.458 DEBUG 2412 --- [http-nio-8080-exec-2] c.s.a.r.MedicalRecordRepository          : Call MedicalRecordRepository.getMedicalRecord with param = Jacob,Boyd
2022-11-24 11:32:40.458 DEBUG 2412 --- [http-nio-8080-exec-2] com.safetynet.api.service.PersonService  : Response to medicalRecordRepository.getAge : 33
2022-11-24 11:32:40.458 DEBUG 2412 --- [http-nio-8080-exec-2] c.s.a.r.MedicalRecordRepository          : Call MedicalRecordRepository.getAge with param = com.safetynet.api.model.Person@4437f028
2022-11-24 11:32:40.458 DEBUG 2412 --- [http-nio-8080-exec-2] c.s.a.r.MedicalRecordRepository          : Call MedicalRecordRepository.getMedicalRecord with param = Tenley,Boyd
2022-11-24 11:32:40.459 DEBUG 2412 --- [http-nio-8080-exec-2] com.safetynet.api.service.PersonService  : Response to medicalRecordRepository.getAge : 10
2022-11-24 11:32:40.459 DEBUG 2412 --- [http-nio-8080-exec-2] c.s.a.r.MedicalRecordRepository          : Call MedicalRecordRepository.getAge with param = com.safetynet.api.model.Person@20b5db33
2022-11-24 11:32:40.459 DEBUG 2412 --- [http-nio-8080-exec-2] c.s.a.r.MedicalRecordRepository          : Call MedicalRecordRepository.getMedicalRecord with param = John,Boyd
2022-11-24 11:32:40.459 DEBUG 2412 --- [http-nio-8080-exec-2] com.safetynet.api.service.PersonService  : Response to medicalRecordRepository.getAge : 38
2022-11-24 11:32:40.459 DEBUG 2412 --- [http-nio-8080-exec-2] c.s.a.r.MedicalRecordRepository          : Call MedicalRecordRepository.getAge with param = com.safetynet.api.model.Person@476b8f4c
2022-11-24 11:32:40.459 DEBUG 2412 --- [http-nio-8080-exec-2] c.s.a.r.MedicalRecordRepository          : Call MedicalRecordRepository.getMedicalRecord with param = Felicia,Boyd
2022-11-24 11:32:40.459 DEBUG 2412 --- [http-nio-8080-exec-2] com.safetynet.api.service.PersonService  : Response to medicalRecordRepository.getAge : 36
2022-11-24 11:32:40.459 DEBUG 2412 --- [http-nio-8080-exec-2] com.safetynet.api.service.PersonService  : childList : [com.safetynet.api.model.Person@6c716900, com.safetynet.api.model.Person@4437f028]
2022-11-24 11:32:40.459 DEBUG 2412 --- [http-nio-8080-exec-2] com.safetynet.api.service.PersonService  : Response to PersonService.getChild : [com.safetynet.api.model.Person@6c716900, com.safetynet.api.model.Person@4437f028]
2022-11-24 11:32:40.459 DEBUG 2412 --- [http-nio-8080-exec-2] com.safetynet.api.service.PersonService  : Call PersonService.getFamily with param : com.safetynet.api.model.Person@6c716900
2022-11-24 11:32:40.459 DEBUG 2412 --- [http-nio-8080-exec-2] com.safetynet.api.service.PersonService  : family : [com.safetynet.api.model.Person@51f2c124, com.safetynet.api.model.Person@4437f028, com.safetynet.api.model.Person@20b5db33, com.safetynet.api.model.Person@476b8f4c]
2022-11-24 11:32:40.459 DEBUG 2412 --- [http-nio-8080-exec-2] com.safetynet.api.service.PersonService  : Response to PersonService.getFamily : [com.safetynet.api.model.Person@51f2c124, com.safetynet.api.model.Person@4437f028, com.safetynet.api.model.Person@20b5db33, com.safetynet.api.model.Person@476b8f4c]
2022-11-24 11:32:40.459 DEBUG 2412 --- [http-nio-8080-exec-2] com.safetynet.api.service.PersonService  :  familyLite = [{firstName=Jacob, lastName=Boyd}, {firstName=Tenley, lastName=Boyd}, {firstName=John, lastName=Boyd}, {firstName=Felicia, lastName=Boyd}]
2022-11-24 11:32:40.459 DEBUG 2412 --- [http-nio-8080-exec-2] c.s.a.r.MedicalRecordRepository          : Call MedicalRecordRepository.getAge with param = com.safetynet.api.model.Person@6c716900
2022-11-24 11:32:40.459 DEBUG 2412 --- [http-nio-8080-exec-2] c.s.a.r.MedicalRecordRepository          : Call MedicalRecordRepository.getMedicalRecord with param = Roger,Boyd
2022-11-24 11:32:40.460 DEBUG 2412 --- [http-nio-8080-exec-2] com.safetynet.api.service.PersonService  : childMap = {FirstName=Roger, LastName=Boyd, Age=5, Family=[{firstName=Jacob, lastName=Boyd}, {firstName=Tenley, lastName=Boyd}, {firstName=John, lastName=Boyd}, {firstName=Felicia, lastName=Boyd}]}
2022-11-24 11:32:40.460 DEBUG 2412 --- [http-nio-8080-exec-2] com.safetynet.api.service.PersonService  : Call PersonService.getFamily with param : com.safetynet.api.model.Person@4437f028
2022-11-24 11:32:40.460 DEBUG 2412 --- [http-nio-8080-exec-2] com.safetynet.api.service.PersonService  : family : [com.safetynet.api.model.Person@6c716900, com.safetynet.api.model.Person@51f2c124, com.safetynet.api.model.Person@20b5db33, com.safetynet.api.model.Person@476b8f4c]
2022-11-24 11:32:40.460 DEBUG 2412 --- [http-nio-8080-exec-2] com.safetynet.api.service.PersonService  : Response to PersonService.getFamily : [com.safetynet.api.model.Person@6c716900, com.safetynet.api.model.Person@51f2c124, com.safetynet.api.model.Person@20b5db33, com.safetynet.api.model.Person@476b8f4c]
2022-11-24 11:32:40.460 DEBUG 2412 --- [http-nio-8080-exec-2] com.safetynet.api.service.PersonService  :  familyLite = [{firstName=Roger, lastName=Boyd}, {firstName=Jacob, lastName=Boyd}, {firstName=John, lastName=Boyd}, {firstName=Felicia, lastName=Boyd}]
2022-11-24 11:32:40.460 DEBUG 2412 --- [http-nio-8080-exec-2] c.s.a.r.MedicalRecordRepository          : Call MedicalRecordRepository.getAge with param = com.safetynet.api.model.Person@4437f028
2022-11-24 11:32:40.460 DEBUG 2412 --- [http-nio-8080-exec-2] c.s.a.r.MedicalRecordRepository          : Call MedicalRecordRepository.getMedicalRecord with param = Tenley,Boyd
2022-11-24 11:32:40.460 DEBUG 2412 --- [http-nio-8080-exec-2] com.safetynet.api.service.PersonService  : childMap = {FirstName=Tenley, LastName=Boyd, Age=10, Family=[{firstName=Roger, lastName=Boyd}, {firstName=Jacob, lastName=Boyd}, {firstName=John, lastName=Boyd}, {firstName=Felicia, lastName=Boyd}]}
2022-11-24 11:32:40.460  INFO 2412 --- [http-nio-8080-exec-2] c.s.api.controller.PersonController      : Response to get /childAlert : [{FirstName=Roger, LastName=Boyd, Age=5, Family=[{firstName=Jacob, lastName=Boyd}, {firstName=Tenley, lastName=Boyd}, {firstName=John, lastName=Boyd}, {firstName=Felicia, lastName=Boyd}]}, {FirstName=Tenley, LastName=Boyd, Age=10, Family=[{firstName=Roger, lastName=Boyd}, {firstName=Jacob, lastName=Boyd}, {firstName=John, lastName=Boyd}, {firstName=Felicia, lastName=Boyd}]}]
2022-11-24 11:33:32.780  INFO 21360 --- [main] com.safetynet.api.ApiApplication         : Starting ApiApplication using Java 18 on DESKTOP-R2DIIID with PID 21360 (C:\Users\Bertrand\Google Drive\Openclassroom\P5\api\target\classes started by Bertrand in C:\Users\Bertrand\Google Drive\Openclassroom\P5\api)
2022-11-24 11:33:32.782  INFO 21360 --- [main] com.safetynet.api.ApiApplication         : No active profile set, falling back to 1 default profile: "default"
2022-11-24 11:33:33.637  INFO 21360 --- [main] o.s.b.w.embedded.tomcat.TomcatWebServer  : Tomcat initialized with port(s): 8080 (http)
2022-11-24 11:33:34.273  INFO 21360 --- [main] o.s.b.w.embedded.tomcat.TomcatWebServer  : Tomcat started on port(s): 8080 (http) with context path ''
2022-11-24 11:33:34.283  INFO 21360 --- [main] com.safetynet.api.ApiApplication         : Started ApiApplication in 1.797 seconds (JVM running for 2.275)
2022-11-24 11:33:48.791  INFO 21360 --- [http-nio-8080-exec-2] c.s.api.controller.PersonController      : Request get /childAlert with param address = 1509 Culver St
2022-11-24 11:33:48.792  INFO 21360 --- [http-nio-8080-exec-2] c.s.api.controller.PersonController      : Response to get /childAlert : [{FirstName=Roger, LastName=Boyd, Age=5, Family=[{firstName=Jacob, lastName=Boyd}, {firstName=Tenley, lastName=Boyd}, {firstName=John, lastName=Boyd}, {firstName=Felicia, lastName=Boyd}]}, {FirstName=Tenley, LastName=Boyd, Age=10, Family=[{firstName=Roger, lastName=Boyd}, {firstName=Jacob, lastName=Boyd}, {firstName=John, lastName=Boyd}, {firstName=Felicia, lastName=Boyd}]}]
2022-11-24 12:04:59.550  INFO 9960 --- [main] com.safetynet.api.ApiApplication         : Starting ApiApplication using Java 18 on DESKTOP-R2DIIID with PID 9960 (C:\Users\Bertrand\Google Drive\Openclassroom\P5\api\target\classes started by Bertrand in C:\Users\Bertrand\Google Drive\Openclassroom\P5\api)
2022-11-24 12:04:59.553  INFO 9960 --- [main] com.safetynet.api.ApiApplication         : No active profile set, falling back to 1 default profile: "default"
2022-11-24 12:05:00.464  INFO 9960 --- [main] o.s.b.w.embedded.tomcat.TomcatWebServer  : Tomcat initialized with port(s): 8080 (http)
2022-11-24 12:05:01.141  INFO 9960 --- [main] o.s.b.w.embedded.tomcat.TomcatWebServer  : Tomcat started on port(s): 8080 (http) with context path ''
2022-11-24 12:05:01.151  INFO 9960 --- [main] com.safetynet.api.ApiApplication         : Started ApiApplication in 1.905 seconds (JVM running for 2.465)
2022-11-24 12:05:05.178  INFO 9960 --- [http-nio-8080-exec-2] c.s.a.controller.FirestationController   : Request get/firestation with param stationNumber = 3
2022-11-24 12:05:05.179  INFO 9960 --- [http-nio-8080-exec-2] c.s.a.controller.FirestationController   : Response to get/firestation : [{Adult=5, Children=3}, [{firstName=Clive, lastName=Ferguson, address=748 Townings Dr, phone=841-874-6741}, {firstName=Foster, lastName=Shepard, address=748 Townings Dr, phone=841-874-6544}, {firstName=Roger, lastName=Boyd, address=1509 Culver St, phone=841-874-6512}, {firstName=Jacob, lastName=Boyd, address=1509 Culver St, phone=841-874-6513}, {firstName=Tenley, lastName=Boyd, address=1509 Culver St, phone=841-874-6512}, {firstName=John, lastName=Boyd, address=1509 Culver St, phone=841-874-6512}, {firstName=Felicia, lastName=Boyd, address=1509 Culver St, phone=841-874-6544}, {firstName=Tessa, lastName=Carman, address=834 Binoc Ave, phone=841-874-6512}]]
2022-11-24 12:05:10.046  INFO 9960 --- [http-nio-8080-exec-3] c.s.api.controller.PersonController      : Request get /childAlert with param address = 1509 Culver St
2022-11-24 12:05:10.047  INFO 9960 --- [http-nio-8080-exec-3] c.s.api.controller.PersonController      : Response to get /childAlert : [{FirstName=Roger, LastName=Boyd, Age=5, Family=[{firstName=Jacob, lastName=Boyd}, {firstName=Tenley, lastName=Boyd}, {firstName=John, lastName=Boyd}, {firstName=Felicia, lastName=Boyd}]}, {FirstName=Tenley, LastName=Boyd, Age=10, Family=[{firstName=Roger, lastName=Boyd}, {firstName=Jacob, lastName=Boyd}, {firstName=John, lastName=Boyd}, {firstName=Felicia, lastName=Boyd}]}]
2022-11-24 12:05:13.383  INFO 9960 --- [http-nio-8080-exec-4] c.s.api.controller.PersonController      : Request to get /personInfo with param firstName = John and lastName = Boyd
2022-11-24 12:05:13.383  INFO 9960 --- [http-nio-8080-exec-4] c.s.api.controller.PersonController      : Response to get/personInfo : [{firstName=John, lastName=Boyd, address=1509 Culver St, Age=38, email=jaboyd@email.com, medications={hydrapermazol=100mg, aznol=350mg}, allergies=[nillacilan]}]
2022-11-24 14:18:52.459  INFO 9960 --- [http-nio-8080-exec-7] c.s.api.controller.PersonController      : Request to get/fire with param address = 947 E. Rose Dr
2022-11-24 14:18:52.462  INFO 9960 --- [http-nio-8080-exec-7] c.s.api.controller.PersonController      : Response to get/fire : {firesation=1, person=[{firstName=Shawna, lastName=Stelzer, phone=841-874-7784, age=42, allergies=[], medications={}}, {firstName=Kendrik, lastName=Stelzer, phone=841-874-7784, age=8, allergies=[], medications={noxidian=100mg, pharmacol=2500mg}}, {firstName=Brian, lastName=Stelzer, phone=841-874-7784, age=46, allergies=[nillacilan], medications={ibupurin=200mg, hydrapermazol=400mg}}]}
2022-11-24 14:32:55.662  INFO 9960 --- [http-nio-8080-exec-9] c.s.a.controller.FirestationController   : Request get/phoneAlert with param firestation = 1
2022-11-24 14:32:55.663  INFO 9960 --- [http-nio-8080-exec-9] c.s.a.controller.FirestationController   : Response to get/phoneAlert : [841-874-8547, 841-874-7462, 841-874-7784, 841-874-7784, 841-874-7784, 841-874-6512]
